0 info it worked if it ends with ok
1 verbose cli [ '/usr/local/bin/node', '/usr/local/bin/npm', 'run', 'build:ts' ]
2 info using npm@3.10.10
3 info using node@v6.11.3
4 verbose run-script [ 'prebuild:ts', 'build:ts', 'postbuild:ts' ]
5 info lifecycle group3project@1.0.0~prebuild:ts: group3project@1.0.0
6 silly lifecycle group3project@1.0.0~prebuild:ts: no script for prebuild:ts, continuing
7 info lifecycle group3project@1.0.0~build:ts: group3project@1.0.0
8 verbose lifecycle group3project@1.0.0~build:ts: unsafe-perm in lifecycle true
9 verbose lifecycle group3project@1.0.0~build:ts: PATH: /usr/local/lib/node_modules/npm/bin/node-gyp-bin:/Users/emd0008/Desktop/Covalence Group Project/Group-3-Project-1/node_modules/.bin:/usr/local/lib/node_modules/npm/bin/node-gyp-bin:/Users/emd0008/Desktop/Covalence Group Project/Group-3-Project-1/node_modules/.bin:/usr/local/lib/node_modules/npm/bin/node-gyp-bin:/Users/emd0008/Desktop/Covalence Group Project/Group-3-Project-1/node_modules/.bin:/usr/local/bin:/usr/bin:/bin:/usr/sbin:/sbin:/usr/local/share/dotnet:/Library/Frameworks/Mono.framework/Versions/Current/Commands
10 verbose lifecycle group3project@1.0.0~build:ts: CWD: /Users/emd0008/Desktop/Covalence Group Project/Group-3-Project-1
11 silly lifecycle group3project@1.0.0~build:ts: Args: [ '-c', 'tsc -p .' ]
12 silly lifecycle group3project@1.0.0~build:ts: Returned: code: 2  signal: null
13 info lifecycle group3project@1.0.0~build:ts: Failed to exec build:ts script
14 verbose stack Error: group3project@1.0.0 build:ts: `tsc -p .`
14 verbose stack Exit status 2
14 verbose stack     at EventEmitter.<anonymous> (/usr/local/lib/node_modules/npm/lib/utils/lifecycle.js:255:16)
14 verbose stack     at emitTwo (events.js:106:13)
14 verbose stack     at EventEmitter.emit (events.js:191:7)
14 verbose stack     at ChildProcess.<anonymous> (/usr/local/lib/node_modules/npm/lib/utils/spawn.js:40:14)
14 verbose stack     at emitTwo (events.js:106:13)
14 verbose stack     at ChildProcess.emit (events.js:191:7)
14 verbose stack     at maybeClose (internal/child_process.js:920:16)
14 verbose stack     at Process.ChildProcess._handle.onexit (internal/child_process.js:230:5)
15 verbose pkgid group3project@1.0.0
16 verbose cwd /Users/emd0008/Desktop/Covalence Group Project/Group-3-Project-1
17 error Darwin 16.7.0
18 error argv "/usr/local/bin/node" "/usr/local/bin/npm" "run" "build:ts"
19 error node v6.11.3
20 error npm  v3.10.10
21 error code ELIFECYCLE
22 error group3project@1.0.0 build:ts: `tsc -p .`
22 error Exit status 2
23 error Failed at the group3project@1.0.0 build:ts script 'tsc -p .'.
23 error Make sure you have the latest version of node.js and npm installed.
23 error If you do, this is most likely a problem with the group3project package,
23 error not with npm itself.
23 error Tell the author that this fails on your system:
23 error     tsc -p .
23 error You can get information on how to open an issue for this project with:
23 error     npm bugs group3project
23 error Or if that isn't available, you can get their info via:
23 error     npm owner ls group3project
23 error There is likely additional logging output above.
24 verbose exit [ 1, true ]
